# JRE version: OpenJDK Runtime Environment Corretto-17.0.11.9.1 (17.0.11+9) (build 17.0.11+9-LTS)
# Java VM: OpenJDK 64-Bit Server VM Corretto-17.0.11.9.1 (17.0.11+9-LTS, mixed mode, sharing, tiered, compressed oops, compressed class ptrs, g1 gc, windows-amd64)
GC Precious Log:
 CPUs: 12 total, 12 available
 Memory: 7824M
 Large Page Support: Disabled
 NUMA Support: Disabled
 Compressed Oops: Enabled (32-bit)
 Heap Region Size: 1M
 Heap Min Capacity: 256M
 Heap Initial Capacity: 256M
 Heap Max Capacity: 512M
 Pre-touch: Disabled
 Parallel Workers: 10
 Concurrent Workers: 3
 Concurrent Refinement Workers: 10
 Periodic GC: Disabled
Heap:
 garbage-first heap   total 262144K, used 42586K [0x00000000e0000000, 0x0000000100000000)
  region size 1024K, 4 young (4096K), 2 survivors (2048K)
 Metaspace       used 49366K, committed 49984K, reserved 393216K
  class space    used 7019K, committed 7296K, reserved 327680K
GC Heap History (20 events):
Event: 0.761 GC heap before
{Heap before GC invocations=0 (full 0):
 garbage-first heap   total 262144K, used 26624K [0x00000000e0000000, 0x0000000100000000)
  region size 1024K, 23 young (23552K), 0 survivors (0K)
 Metaspace       used 2070K, committed 2240K, reserved 393216K
  class space    used 220K, committed 320K, reserved 327680K
}
Event: 0.766 GC heap after
{Heap after GC invocations=1 (full 0):
 garbage-first heap   total 262144K, used 10693K [0x00000000e0000000, 0x0000000100000000)
  region size 1024K, 3 young (3072K), 3 survivors (3072K)
 Metaspace       used 2070K, committed 2240K, reserved 393216K
  class space    used 220K, committed 320K, reserved 327680K
}
Event: 1.578 GC heap before
{Heap before GC invocations=1 (full 0):
 garbage-first heap   total 262144K, used 38341K [0x00000000e0000000, 0x0000000100000000)
  region size 1024K, 30 young (30720K), 3 survivors (3072K)
 Metaspace       used 4044K, committed 4224K, reserved 393216K
  class space    used 504K, committed 640K, reserved 327680K
}
Event: 1.581 GC heap after
{Heap after GC invocations=2 (full 0):
 garbage-first heap   total 262144K, used 11961K [0x00000000e0000000, 0x0000000100000000)
  region size 1024K, 2 young (2048K), 2 survivors (2048K)
 Metaspace       used 4044K, committed 4224K, reserved 393216K
  class space    used 504K, committed 640K, reserved 327680K
}
Event: 9.531 GC heap before
{Heap before GC invocations=2 (full 0):
 garbage-first heap   total 262144K, used 122553K [0x00000000e0000000, 0x0000000100000000)
  region size 1024K, 108 young (110592K), 2 survivors (2048K)
 Metaspace       used 18330K, committed 18624K, reserved 393216K
  class space    used 2665K, committed 2816K, reserved 327680K
}
Event: 9.541 GC heap after
{Heap after GC invocations=3 (full 0):
 garbage-first heap   total 262144K, used 22060K [0x00000000e0000000, 0x0000000100000000)
  region size 1024K, 11 young (11264K), 11 survivors (11264K)
 Metaspace       used 18330K, committed 18624K, reserved 393216K
  class space    used 2665K, committed 2816K, reserved 327680K
}
Event: 10.485 GC heap before
{Heap before GC invocations=3 (full 0):
 garbage-first heap   total 262144K, used 45612K [0x00000000e0000000, 0x0000000100000000)
  region size 1024K, 35 young (35840K), 11 survivors (11264K)
 Metaspace       used 21221K, committed 21504K, reserved 393216K
  class space    used 3126K, committed 3264K, reserved 327680K
}
Event: 10.491 GC heap after
{Heap after GC invocations=4 (full 0):
 garbage-first heap   total 262144K, used 23991K [0x00000000e0000000, 0x0000000100000000)
  region size 1024K, 12 young (12288K), 12 survivors (12288K)
 Metaspace       used 21221K, committed 21504K, reserved 393216K
  class space    used 3126K, committed 3264K, reserved 327680K
}
Event: 24.524 GC heap before
{Heap before GC invocations=5 (full 0):
 garbage-first heap   total 262144K, used 147895K [0x00000000e0000000, 0x0000000100000000)
  region size 1024K, 130 young (133120K), 12 survivors (12288K)
 Metaspace       used 35759K, committed 36160K, reserved 393216K
  class space    used 4976K, committed 5184K, reserved 327680K
}
Event: 24.540 GC heap after
{Heap after GC invocations=6 (full 0):
 garbage-first heap   total 262144K, used 32650K [0x00000000e0000000, 0x0000000100000000)
  region size 1024K, 11 young (11264K), 11 survivors (11264K)
 Metaspace       used 35759K, committed 36160K, reserved 393216K
  class space    used 4976K, committed 5184K, reserved 327680K
}
Event: 24.603 GC heap before
{Heap before GC invocations=6 (full 0):
 garbage-first heap   total 262144K, used 33674K [0x00000000e0000000, 0x0000000100000000)
  region size 1024K, 12 young (12288K), 11 survivors (11264K)
 Metaspace       used 35838K, committed 36224K, reserved 393216K
  class space    used 4991K, committed 5184K, reserved 327680K
}
Event: 24.610 GC heap after
{Heap after GC invocations=7 (full 0):
 garbage-first heap   total 262144K, used 33410K [0x00000000e0000000, 0x0000000100000000)
  region size 1024K, 2 young (2048K), 2 survivors (2048K)
 Metaspace       used 35838K, committed 36224K, reserved 393216K
  class space    used 4991K, committed 5184K, reserved 327680K
}
Event: 24.977 GC heap before
{Heap before GC invocations=7 (full 0):
 garbage-first heap   total 262144K, used 35458K [0x00000000e0000000, 0x0000000100000000)
  region size 1024K, 5 young (5120K), 2 survivors (2048K)
 Metaspace       used 36098K, committed 36480K, reserved 393216K
  class space    used 5035K, committed 5184K, reserved 327680K
}
Event: 24.979 GC heap after
{Heap after GC invocations=8 (full 0):
 garbage-first heap   total 262144K, used 32063K [0x00000000e0000000, 0x0000000100000000)
  region size 1024K, 1 young (1024K), 1 survivors (1024K)
 Metaspace       used 36098K, committed 36480K, reserved 393216K
  class space    used 5035K, committed 5184K, reserved 327680K
}
Event: 71.730 GC heap before
{Heap before GC invocations=9 (full 0):
 garbage-first heap   total 262144K, used 188735K [0x00000000e0000000, 0x0000000100000000)
  region size 1024K, 153 young (156672K), 1 survivors (1024K)
 Metaspace       used 49163K, committed 49664K, reserved 393216K
  class space    used 6987K, committed 7232K, reserved 327680K
}
Event: 72.623 GC heap after
{Heap after GC invocations=10 (full 0):
 garbage-first heap   total 262144K, used 39779K [0x00000000e0000000, 0x0000000100000000)
  region size 1024K, 8 young (8192K), 8 survivors (8192K)
 Metaspace       used 49163K, committed 49664K, reserved 393216K
  class space    used 6987K, committed 7232K, reserved 327680K
}
Event: 110.935 GC heap before
{Heap before GC invocations=10 (full 0):
 garbage-first heap   total 262144K, used 43875K [0x00000000e0000000, 0x0000000100000000)
  region size 1024K, 12 young (12288K), 8 survivors (8192K)
 Metaspace       used 49198K, committed 49728K, reserved 393216K
  class space    used 6989K, committed 7232K, reserved 327680K
}
Event: 111.239 GC heap after
{Heap after GC invocations=11 (full 0):
 garbage-first heap   total 262144K, used 41001K [0x00000000e0000000, 0x0000000100000000)
  region size 1024K, 2 young (2048K), 2 survivors (2048K)
 Metaspace       used 49198K, committed 49728K, reserved 393216K
  class space    used 6989K, committed 7232K, reserved 327680K
}
Event: 127.386 GC heap before
{Heap before GC invocations=11 (full 0):
 garbage-first heap   total 262144K, used 55337K [0x00000000e0000000, 0x0000000100000000)
  region size 1024K, 16 young (16384K), 2 survivors (2048K)
 Metaspace       used 49258K, committed 49792K, reserved 393216K
  class space    used 6995K, committed 7232K, reserved 327680K
}
Event: 127.414 GC heap after
{Heap after GC invocations=12 (full 0):
 garbage-first heap   total 262144K, used 41562K [0x00000000e0000000, 0x0000000100000000)
  region size 1024K, 2 young (2048K), 2 survivors (2048K)
 Metaspace       used 49258K, committed 49792K, reserved 393216K
  class space    used 6995K, committed 7232K, reserved 327680K
}

